TN:
SF:lib/data/data_sources/character_data_source.dart
FNF:0
FNH:0
DA:8,1
DA:16,1
DA:19,1
DA:20,2
DA:23,2
DA:27,1
DA:29,2
DA:31,1
DA:32,1
DA:33,1
LF:10
LH:10
end_of_record
TN:
SF:lib/data/data_sources/characters_list_data_source.dart
FNF:0
FNH:0
DA:10,1
DA:18,1
DA:20,1
DA:21,1
DA:22,1
DA:27,1
DA:28,1
DA:29,4
DA:30,1
DA:31,2
DA:34,3
DA:35,1
DA:41,1
DA:48,2
DA:50,1
DA:53,1
DA:56,1
DA:57,1
DA:61,1
DA:62,2
DA:64,1
DA:65,1
DA:68,1
DA:69,1
LF:24
LH:24
end_of_record
TN:
SF:lib/data/data_sources/episode_data_source.dart
FNF:0
FNH:0
DA:8,1
DA:16,1
DA:20,1
DA:21,0
DA:24,2
DA:28,1
DA:29,2
DA:30,1
DA:32,0
DA:33,0
LF:10
LH:7
end_of_record
TN:
SF:lib/data/data_sources/mappers/api_info_mapper.dart
FNF:0
FNH:0
DA:5,6
DA:6,3
DA:7,3
DA:8,3
DA:9,3
DA:12,4
DA:13,2
DA:14,2
DA:15,2
DA:16,2
LF:10
LH:10
end_of_record
TN:
SF:lib/data/data_sources/mappers/character_mapper.dart
FNF:0
FNH:0
DA:6,8
DA:7,4
DA:8,4
DA:9,4
DA:10,4
DA:11,4
DA:12,4
DA:13,12
DA:14,12
DA:15,4
DA:16,4
DA:17,4
DA:18,4
DA:21,4
DA:22,2
DA:23,2
DA:24,2
DA:25,2
DA:26,2
DA:27,2
DA:28,6
DA:29,6
DA:30,2
DA:31,2
DA:32,2
DA:33,2
DA:38,8
DA:39,4
DA:40,4
DA:43,4
DA:44,2
DA:45,2
LF:32
LH:32
end_of_record
TN:
SF:lib/data/data_sources/mappers/characters_response_mapper.dart
FNF:0
FNH:0
DA:11,4
DA:12,6
DA:13,10
DA:16,2
DA:17,3
DA:18,5
LF:6
LH:6
end_of_record
TN:
SF:lib/data/data_sources/mappers/episode_mapper.dart
FNF:0
FNH:0
DA:5,4
DA:6,2
DA:7,2
DA:8,2
DA:9,2
DA:10,2
DA:11,2
DA:12,2
DA:15,2
DA:16,1
DA:17,1
DA:18,1
DA:19,1
DA:20,1
DA:21,1
DA:22,1
LF:16
LH:16
end_of_record
TN:
SF:lib/data/entities/api_info.dart
FNF:0
FNH:0
DA:23,5
DA:30,2
DA:31,2
DA:33,2
LF:4
LH:4
end_of_record
TN:
SF:lib/data/entities/character.dart
FNF:0
FNH:0
DA:46,7
DA:61,3
DA:62,3
DA:64,0
DA:77,7
DA:82,3
DA:83,3
DA:85,0
LF:8
LH:6
end_of_record
TN:
SF:lib/data/entities/characters_response.dart
FNF:0
FNH:0
DA:19,4
DA:24,2
DA:25,2
DA:27,0
LF:4
LH:3
end_of_record
TN:
SF:lib/data/entities/episode.dart
FNF:0
FNH:0
DA:33,4
DA:43,1
DA:44,1
DA:46,0
LF:4
LH:3
end_of_record
TN:
SF:lib/data/repositories/character_repository_impl.dart
FNF:0
FNH:0
DA:11,1
DA:15,1
DA:17,2
DA:18,2
LF:4
LH:4
end_of_record
TN:
SF:lib/data/repositories/characters_list_repository_impl.dart
FNF:0
FNH:0
DA:11,1
DA:15,1
DA:17,2
DA:18,2
DA:21,1
DA:23,2
DA:24,2
LF:7
LH:7
end_of_record
TN:
SF:lib/data/repositories/episode_repository_impl.dart
FNF:0
FNH:0
DA:11,1
DA:15,1
DA:17,2
DA:18,2
LF:4
LH:4
end_of_record
TN:
SF:lib/data/repositories/theme_repository.dart
FNF:0
FNH:0
DA:10,1
DA:12,1
DA:14,2
DA:18,1
DA:20,2
LF:5
LH:5
end_of_record
TN:
SF:lib/domain/factories/page_factory.dart
FNF:0
FNH:0
DA:15,0
DA:16,0
DA:17,0
DA:18,0
DA:19,0
DA:21,0
DA:25,0
DA:26,0
DA:27,0
DA:28,0
DA:29,0
DA:31,0
LF:12
LH:0
end_of_record
TN:
SF:lib/domain/models/api_info_model.dart
FNF:0
FNH:0
DA:8,9
DA:15,12
LF:2
LH:2
end_of_record
TN:
SF:lib/domain/models/character_model.dart
FNF:0
FNH:0
DA:15,13
DA:30,2
DA:31,1
DA:32,1
DA:33,1
DA:34,1
DA:35,1
DA:36,1
DA:37,1
DA:38,1
DA:39,1
DA:40,1
DA:41,1
DA:42,1
DA:50,13
DA:55,0
DA:56,0
DA:57,0
LF:18
LH:15
end_of_record
TN:
SF:lib/domain/models/character_response_model.dart
FNF:0
FNH:0
DA:10,6
DA:15,4
LF:2
LH:2
end_of_record
TN:
SF:lib/domain/models/episode_model.dart
FNF:0
FNH:0
DA:10,5
DA:20,2
DA:21,1
DA:22,1
DA:23,1
DA:24,1
DA:25,1
DA:26,1
DA:27,1
LF:9
LH:9
end_of_record
TN:
SF:lib/domain/usecases/get_all_characters.dart
FNF:0
FNH:0
DA:6,1
DA:12,1
DA:13,2
LF:3
LH:3
end_of_record
TN:
SF:lib/domain/usecases/get_character.dart
FNF:0
FNH:0
DA:5,1
DA:11,1
DA:12,2
LF:3
LH:3
end_of_record
TN:
SF:lib/domain/usecases/get_episode.dart
FNF:0
FNH:0
DA:5,1
DA:11,1
DA:12,2
LF:3
LH:3
end_of_record
TN:
SF:lib/domain/usecases/get_filtered_characters.dart
FNF:0
FNH:0
DA:6,1
DA:12,1
DA:13,2
LF:3
LH:3
end_of_record
TN:
SF:lib/domain/utils/network_connection.dart
FNF:0
FNH:0
DA:7,2
DA:9,2
DA:10,2
DA:11,6
DA:12,0
DA:16,2
DA:17,4
DA:18,0
DA:21,0
DA:22,0
DA:23,0
DA:25,0
DA:27,0
DA:30,1
DA:31,1
LF:15
LH:8
end_of_record
TN:
SF:lib/presentation/app_colors/app_colors.dart
FNF:0
FNH:0
DA:4,4
DA:5,1
DA:6,10
DA:7,4
LF:4
LH:4
end_of_record
TN:
SF:lib/presentation/bloc/character_details/character_details_bloc.dart
FNF:0
FNH:0
DA:13,1
DA:17,1
DA:18,2
DA:24,1
DA:30,2
DA:31,1
DA:35,3
DA:37,2
DA:38,2
DA:39,3
DA:41,2
DA:44,2
DA:48,0
DA:50,0
LF:14
LH:12
end_of_record
TN:
SF:lib/presentation/bloc/character_details/character_details_event.dart
FNF:0
FNH:0
DA:4,1
DA:6,0
DA:10,1
DA:16,0
DA:17,0
LF:5
LH:2
end_of_record
TN:
SF:lib/presentation/bloc/character_details/character_details_state.dart
FNF:0
FNH:0
DA:4,27
DA:6,1
DA:7,1
DA:11,26
DA:15,1
DA:20,1
DA:21,3
DA:25,1
DA:29,1
DA:30,3
LF:10
LH:10
end_of_record
TN:
SF:lib/presentation/bloc/character_list/character_list_bloc.dart
FNF:0
FNH:0
DA:14,1
DA:19,1
DA:20,2
DA:21,2
DA:22,2
DA:26,2
DA:38,1
DA:43,2
DA:44,1
DA:46,1
DA:48,5
DA:50,2
DA:54,1
DA:59,2
DA:60,1
DA:62,2
DA:63,2
DA:64,1
DA:66,4
DA:69,0
DA:73,1
DA:74,1
DA:75,1
DA:76,2
DA:77,3
DA:80,2
DA:81,3
DA:82,3
DA:83,4
DA:84,2
DA:86,1
DA:91,1
DA:92,2
DA:93,0
DA:95,2
DA:96,0
DA:98,2
DA:99,2
DA:101,4
DA:105,1
DA:109,3
DA:110,1
DA:114,2
DA:115,3
DA:116,3
DA:117,4
DA:118,2
DA:119,5
DA:121,0
DA:125,0
DA:127,0
LF:51
LH:45
end_of_record
TN:
SF:lib/presentation/bloc/character_list/character_list_event.dart
FNF:0
FNH:0
DA:4,26
DA:6,0
DA:10,26
DA:16,0
DA:17,0
DA:21,1
DA:31,0
DA:32,0
DA:36,26
DA:38,0
DA:39,0
LF:11
LH:4
end_of_record
TN:
SF:lib/presentation/bloc/character_list/character_list_state.dart
FNF:0
FNH:0
DA:4,28
DA:6,1
DA:7,1
DA:11,26
DA:15,2
DA:19,1
DA:20,3
DA:24,1
DA:28,1
DA:29,3
LF:10
LH:10
end_of_record
TN:
SF:lib/presentation/bloc/theme/theme_cubit.dart
FNF:0
FNH:0
DA:8,1
DA:11,1
DA:12,1
DA:17,1
DA:18,2
DA:19,3
DA:22,1
DA:23,2
DA:26,2
LF:9
LH:9
end_of_record
TN:
SF:lib/presentation/bloc/theme/theme_state.dart
FNF:0
FNH:0
DA:5,29
DA:9,1
DA:10,2
LF:3
LH:3
end_of_record
TN:
SF:lib/presentation/navigation/main_navigation.dart
FNF:0
FNH:0
DA:14,0
DA:16,0
DA:17,0
DA:18,0
DA:21,0
DA:22,0
DA:23,0
DA:24,0
DA:25,0
DA:26,0
DA:27,0
DA:31,0
LF:12
LH:0
end_of_record
TN:
SF:lib/presentation/pages/Internet_check_page.dart
FNF:0
FNH:0
DA:10,26
DA:12,1
DA:13,1
DA:20,1
DA:21,2
DA:22,1
DA:25,2
DA:26,0
DA:28,0
DA:29,0
DA:32,0
DA:33,0
DA:37,1
DA:39,1
DA:40,1
DA:41,1
DA:42,1
DA:44,1
DA:46,1
DA:47,1
DA:50,2
DA:53,1
DA:54,1
DA:58,1
DA:59,0
DA:60,0
DA:61,0
LF:27
LH:19
end_of_record
TN:
SF:lib/presentation/pages/app_navigation_page.dart
FNF:0
FNH:0
DA:7,1
DA:10,1
DA:11,1
DA:16,1
DA:18,1
DA:19,1
DA:20,1
DA:22,2
DA:23,1
DA:26,1
DA:38,1
DA:39,3
DA:41,2
LF:13
LH:13
end_of_record
TN:
SF:lib/presentation/pages/character_details_page/character_details_info_rows_widget.dart
FNF:0
FNH:0
DA:9,0
DA:15,0
DA:17,0
DA:19,0
DA:20,0
DA:21,0
DA:22,0
DA:23,0
DA:24,0
DA:25,0
DA:33,0
DA:42,0
DA:44,0
DA:46,0
DA:48,0
DA:49,0
DA:50,0
DA:53,0
DA:54,0
DA:55,0
LF:20
LH:0
end_of_record
TN:
SF:lib/presentation/pages/character_details_page/character_details_page.dart
FNF:0
FNH:0
DA:13,0
DA:20,0
DA:21,0
DA:27,0
DA:29,0
DA:30,0
DA:33,0
DA:35,0
DA:36,0
DA:37,0
DA:38,0
DA:39,0
DA:40,0
DA:41,0
DA:42,0
DA:48,0
DA:49,0
DA:50,0
DA:53,0
DA:54,0
DA:56,0
DA:58,0
DA:59,0
DA:60,0
DA:61,0
DA:64,0
DA:65,0
DA:66,0
LF:28
LH:0
end_of_record
TN:
SF:lib/presentation/pages/character_details_page/header_details_info_widget.dart
FNF:0
FNH:0
DA:10,1
DA:16,1
DA:18,1
DA:19,1
DA:20,1
DA:21,1
DA:22,1
DA:23,2
DA:24,1
DA:30,1
DA:31,2
DA:39,1
DA:40,1
DA:41,2
DA:49,1
DA:50,5
DA:51,2
LF:17
LH:17
end_of_record
TN:
SF:lib/presentation/pages/character_list_page/character_filter_section_widget.dart
FNF:0
FNH:0
DA:13,1
DA:23,1
DA:26,2
DA:28,1
DA:30,1
DA:32,1
DA:33,1
DA:34,1
DA:35,1
DA:36,1
DA:42,2
DA:43,1
DA:44,1
DA:45,2
DA:46,1
DA:48,1
DA:50,1
DA:54,1
DA:55,1
DA:61,2
DA:62,1
DA:63,1
DA:64,2
DA:65,1
DA:67,1
DA:69,1
DA:75,1
DA:77,1
DA:78,1
DA:79,1
DA:81,1
DA:82,1
DA:84,1
DA:86,1
DA:88,1
LF:35
LH:35
end_of_record
TN:
SF:lib/presentation/pages/character_list_page/character_list_item_widget.dart
FNF:0
FNH:0
DA:13,1
DA:18,1
DA:20,1
DA:22,1
DA:24,1
DA:25,1
DA:26,1
DA:27,1
DA:28,1
DA:29,2
DA:33,1
DA:34,1
DA:35,2
DA:36,1
DA:37,3
DA:38,1
DA:39,1
DA:41,1
DA:44,1
DA:45,1
DA:46,2
DA:59,1
DA:62,1
DA:64,1
DA:65,1
DA:66,1
DA:68,1
DA:69,5
DA:70,1
DA:72,1
DA:77,1
DA:79,1
DA:80,1
DA:81,1
LF:34
LH:34
end_of_record
TN:
SF:lib/presentation/pages/character_list_page/characters_list_widget.dart
FNF:0
FNH:0
DA:11,1
DA:17,1
DA:18,1
DA:26,1
DA:28,1
DA:29,3
DA:30,2
DA:32,0
DA:33,0
DA:39,1
DA:41,2
DA:42,1
DA:45,0
DA:46,0
DA:48,0
DA:49,0
DA:54,1
DA:56,1
DA:57,1
DA:58,1
DA:61,1
DA:62,1
DA:63,1
DA:64,1
DA:65,1
DA:66,1
DA:67,1
DA:68,0
DA:69,0
DA:70,0
DA:73,0
DA:74,0
DA:75,0
DA:78,2
DA:79,0
DA:80,0
DA:81,0
DA:82,0
DA:84,0
DA:85,0
DA:90,1
DA:91,2
DA:93,0
DA:94,0
DA:95,0
DA:96,0
DA:98,0
DA:99,0
DA:100,0
DA:101,0
DA:103,0
DA:104,0
DA:105,0
DA:107,0
DA:112,0
LF:55
LH:24
end_of_record
TN:
SF:lib/presentation/pages/settings_page.dart
FNF:0
FNH:0
DA:5,26
DA:7,2
DA:9,2
DA:10,2
LF:4
LH:4
end_of_record
TN:
SF:lib/presentation/widgets/loading_indicator_widget.dart
FNF:0
FNH:0
DA:6,76
DA:10,1
DA:12,1
DA:13,1
DA:14,1
LF:5
LH:5
end_of_record
TN:
SF:lib/presentation/widgets/theme_selection_card_widget.dart
FNF:0
FNH:0
DA:8,26
DA:10,1
DA:12,2
DA:16,2
DA:18,2
DA:20,2
DA:21,2
DA:22,2
DA:24,2
DA:25,2
DA:27,2
DA:29,2
DA:30,2
DA:32,2
DA:33,2
DA:35,2
DA:39,2
DA:41,2
DA:44,2
DA:50,2
DA:51,2
DA:52,2
DA:53,2
DA:54,2
DA:55,2
DA:61,2
DA:62,0
DA:63,0
DA:65,2
DA:66,2
DA:72,2
DA:73,1
DA:74,1
LF:33
LH:31
end_of_record
